<?xml version='1.0' encoding='UTF-8' ?>
<testsuite name="com.example.climbharder.ExampleInstrumentedTest" tests="1" failures="0" errors="0" skipped="0" time="0.369" timestamp="2022-10-27T00:12:44" hostname="localhost">
  <properties>
    <property name="device" value="Pixel_3a_API_33_arm64-v8a(AVD) - 13" />
    <property name="flavor" value="" />
    <property name="project" value=":app" />
  </properties>
  <testcase name="useAppContext" classname="com.example.climbharder.ExampleInstrumentedTest" time="0.009" />
</testsuite>